#
# There is insufficient memory for the Java Runtime Environment to continue.
# Native memory allocation (mmap) failed to map 268435456 bytes for G1 virtual space
# Possible reasons:
#   The system is out of physical RAM or swap space
#   The process is running with CompressedOops enabled, and the Java Heap may be blocking the growth of the native heap
# Possible solutions:
#   Reduce memory load on the system
#   Increase physical memory or swap space
#   Check if swap backing store is full
#   Decrease Java heap size (-Xmx/-Xms)
#   Decrease number of Java threads
#   Decrease Java thread stack sizes (-Xss)
#   Set larger code cache with -XX:ReservedCodeCacheSize=
#   JVM is running with Zero Based Compressed Oops mode in which the Java heap is
#     placed in the first 32GB address space. The Java Heap base address is the
#     maximum limit for the native heap growth. Please use -XX:HeapBaseMinAddress
#     to set the Java Heap base and to place the Java Heap above 32GB virtual address.
# This output file may be truncated or incomplete.
#
#  Out of Memory Error (os_windows.cpp:3600), pid=20600, tid=20652
#
# JRE version:  (21.0.2+13) (build )
# Java VM: Java HotSpot(TM) 64-Bit Server VM (21.0.2+13-LTS-58, mixed mode, sharing, tiered, compressed oops, compressed class ptrs, g1 gc, windows-amd64)
# No core dump will be written. Minidumps are not enabled by default on client versions of Windows
#

---------------  S U M M A R Y ------------

Command Line: -Dfile.encoding=UTF-8 -Dstdout.encoding=UTF-8 -Dstderr.encoding=UTF-8 -XX:+ShowCodeDetailsInExceptionMessages co.project.UsersManager

Host: Intel(R) Core(TM) i5-2500 CPU @ 3.30GHz, 4 cores, 15G,  Windows 10 , 64 bit Build 19041 (10.0.19041.3636)
Time: Thu Apr 25 17:11:06 2024  Windows 10 , 64 bit Build 19041 (10.0.19041.3636) elapsed time: 0.010805 seconds (0d 0h 0m 0s)

---------------  T H R E A D  ---------------

Current thread (0x000001692c76d3b0):  JavaThread "Unknown thread" [_thread_in_vm, id=20652, stack(0x00000029df700000,0x00000029df800000) (1024K)]

Stack: [0x00000029df700000,0x00000029df800000]
Native frames: (J=compiled Java code, j=interpreted, Vv=VM code, C=native code)
V  [jvm.dll+0x6cade9]
V  [jvm.dll+0x8569c1]
V  [jvm.dll+0x858d2e]
V  [jvm.dll+0x859413]
V  [jvm.dll+0x280e56]
V  [jvm.dll+0x6c74d5]
V  [jvm.dll+0x6bbeca]
V  [jvm.dll+0x355bca]
V  [jvm.dll+0x35d816]
V  [jvm.dll+0x3ae67e]
V  [jvm.dll+0x3ae928]
V  [jvm.dll+0x3295dc]
V  [jvm.dll+0x32a16b]
V  [jvm.dll+0x81efa9]
V  [jvm.dll+0x3bba01]
V  [jvm.dll+0x807928]
V  [jvm.dll+0x44f50e]
V  [jvm.dll+0x450e11]
C  [jli.dll+0x52a3]
C  [ucrtbase.dll+0x21bb2]
C  [KERNEL32.DLL+0x17344]
C  [ntdll.dll+0x526b1]


---------------  P R O C E S S  ---------------

Threads class SMR info:
_java_thread_list=0x00007ffddcfabb88, length=0, elements={
}

Java Threads: ( => current thread )
Total: 0

Other Threads:
  0x000001692e8ead80 WorkerThread "GC Thread#0"                     [id=20656, stack(0x00000029df800000,0x00000029df900000) (1024K)]
  0x000001692e8fd3a0 ConcurrentGCThread "G1 Main Marker"            [id=20660, stack(0x00000029df900000,0x00000029dfa00000) (1024K)]
  0x000001692e8fe700 WorkerThread "G1 Conc#0"                       [id=20664, stack(0x00000029dfa00000,0x00000029dfb00000) (1024K)]

[error occurred during error reporting (printing all threads), id 0xc0000005, EXCEPTION_ACCESS_VIOLATION (0xc0000005) at pc=0x00007ffddc71c6a7]
VM state: not at safepoint (not fully initialized)

VM Mutex/Monitor currently owned by a thread:  ([mutex/lock_event])
[0x00007ffddd01ce68] Heap_lock - owner thread: 0x000001692c76d3b0

Heap address: 0x0000000701600000, size: 4074 MB, Compressed Oops mode: Zero based, Oop shift amount: 3

CDS archive(s) mapped at: [0x0000000000000000-0x0000000000000000-0x0000000000000000), size 0, SharedBaseAddress: 0x0000000800000000, ArchiveRelocationMode: 1.
Narrow klass base: 0x0000000000000000, Narrow klass shift: 0, Narrow klass range: 0x0

GC Precious Log:
 CardTable entry size: 512
 Card Set container configuration: InlinePtr #cards 4 size 8 Array Of Cards #cards 16 size 48 Howl #buckets 8 coarsen threshold 3686 Howl Bitmap #cards 512 size 80 coarsen threshold 460 Card regions per heap region 1 cards per card region 4096

Heap:
 garbage-first heap   total 0K, used 0K [0x0000000701600000, 0x0000000800000000)
  region size 2048K, 0 young (0K), 0 survivors (0K)

[error occurred during error reporting (printing heap information), id 0xc0000005, EXCEPTION_ACCESS_VIOLATION (0xc0000005) at pc=0x00007ffddcb039f9]
GC Heap History (0 events):
No events

Dll operation events (1 events):
Event: 0.007 Loaded shared library C:\Program Files\Java\jdk-21\bin\java.dll

Deoptimization events (0 events):
No events

Classes loaded (0 events):
No events

Classes unloaded (0 events):
No events

Classes redefined (0 events):
No events

Internal exceptions (0 events):
No events

ZGC Phase Switch (0 events):
No events

VM Operations (0 events):
No events

Events (0 events):
No events


Dynamic libraries:
0x00007ff6be260000 - 0x00007ff6be270000 	C:\Program Files\Java\jdk-21\bin\javaw.exe
0x00007ffe28230000 - 0x00007ffe28428000 	C:\Windows\SYSTEM32\ntdll.dll
0x00007ffe26260000 - 0x00007ffe2631d000 	C:\Windows\System32\KERNEL32.DLL
0x00007ffe25d60000 - 0x00007ffe26056000 	C:\Windows\System32\KERNELBASE.dll
0x00007ffe26060000 - 0x00007ffe26160000 	C:\Windows\System32\ucrtbase.dll
0x00007ffe21450000 - 0x00007ffe21469000 	C:\Program Files\Java\jdk-21\bin\jli.dll
0x00007ffe265b0000 - 0x00007ffe26660000 	C:\Windows\System32\ADVAPI32.dll
0x00007ffe267d0000 - 0x00007ffe2686e000 	C:\Windows\System32\msvcrt.dll
0x00007ffe26d60000 - 0x00007ffe26e00000 	C:\Windows\System32\sechost.dll
0x00007ffe27eb0000 - 0x00007ffe27fd3000 	C:\Windows\System32\RPCRT4.dll
0x00007ffe25980000 - 0x00007ffe259a7000 	C:\Windows\System32\bcrypt.dll
0x00007ffe27350000 - 0x00007ffe274ef000 	C:\Windows\System32\USER32.dll
0x00007ffe25b60000 - 0x00007ffe25b82000 	C:\Windows\System32\win32u.dll
0x00007ffe27320000 - 0x00007ffe2734b000 	C:\Windows\System32\GDI32.dll
0x00007ffe25b90000 - 0x00007ffe25ca7000 	C:\Windows\System32\gdi32full.dll
0x00007ffe258e0000 - 0x00007ffe2597d000 	C:\Windows\System32\msvcp_win.dll
0x00007ffe21430000 - 0x00007ffe2144b000 	C:\Program Files\Java\jdk-21\bin\VCRUNTIME140.dll
0x00007ffe12f60000 - 0x00007ffe131fa000 	C:\Windows\WinSxS\amd64_microsoft.windows.common-controls_6595b64144ccf1df_6.0.19041.3636_none_60b6a03d71f818d5\COMCTL32.dll
0x00007ffe1a6c0000 - 0x00007ffe1a6ca000 	C:\Windows\SYSTEM32\VERSION.dll
0x00007ffe27640000 - 0x00007ffe27672000 	C:\Windows\System32\IMM32.DLL
0x00007ffe188e0000 - 0x00007ffe188ec000 	C:\Program Files\Java\jdk-21\bin\vcruntime140_1.dll
0x00007ffded560000 - 0x00007ffded5ee000 	C:\Program Files\Java\jdk-21\bin\msvcp140.dll
0x00007ffddc3e0000 - 0x00007ffddd0f7000 	C:\Program Files\Java\jdk-21\bin\server\jvm.dll
0x00007ffe26cf0000 - 0x00007ffe26d5b000 	C:\Windows\System32\WS2_32.dll
0x00007ffe25740000 - 0x00007ffe2578b000 	C:\Windows\SYSTEM32\POWRPROF.dll
0x00007ffe14d50000 - 0x00007ffe14d77000 	C:\Windows\SYSTEM32\WINMM.dll
0x00007ffe25720000 - 0x00007ffe25732000 	C:\Windows\SYSTEM32\UMPDC.dll
0x00007ffe23790000 - 0x00007ffe237a2000 	C:\Windows\SYSTEM32\kernel.appcore.dll
0x00007ffe10f60000 - 0x00007ffe10f6a000 	C:\Program Files\Java\jdk-21\bin\jimage.dll
0x00007ffe0f520000 - 0x00007ffe0f704000 	C:\Windows\SYSTEM32\DBGHELP.DLL
0x00007ffe0fcf0000 - 0x00007ffe0fd24000 	C:\Windows\SYSTEM32\dbgcore.DLL
0x00007ffe26160000 - 0x00007ffe261e2000 	C:\Windows\System32\bcryptPrimitives.dll
0x00007ffe03180000 - 0x00007ffe0319f000 	C:\Program Files\Java\jdk-21\bin\java.dll

dbghelp: loaded successfully - version: 4.0.5 - missing functions: none
symbol engine: initialized successfully - sym options: 0x614 - pdb path: .;C:\Program Files\Java\jdk-21\bin;C:\Windows\SYSTEM32;C:\Windows\WinSxS\amd64_microsoft.windows.common-controls_6595b64144ccf1df_6.0.19041.3636_none_60b6a03d71f818d5;C:\Program Files\Java\jdk-21\bin\server

VM Arguments:
jvm_args: -Dfile.encoding=UTF-8 -Dstdout.encoding=UTF-8 -Dstderr.encoding=UTF-8 -XX:+ShowCodeDetailsInExceptionMessages 
java_command: co.project.UsersManager
java_class_path (initial): C:\Users\admin\git\javamaster\project\bin;C:\selfjava\ojdbc8.jar
Launcher Type: SUN_STANDARD

[Global flags]
     intx CICompilerCount                          = 3                                         {product} {ergonomic}
     uint ConcGCThreads                            = 1                                         {product} {ergonomic}
     uint G1ConcRefinementThreads                  = 4                                         {product} {ergonomic}
   size_t G1HeapRegionSize                         = 2097152                                   {product} {ergonomic}
    uintx GCDrainStackTargetSize                   = 64                                        {product} {ergonomic}
   size_t InitialHeapSize                          = 268435456                                 {product} {ergonomic}
   size_t MarkStackSize                            = 4194304                                   {product} {ergonomic}
   size_t MaxHeapSize                              = 4271898624                                {product} {ergonomic}
   size_t MinHeapDeltaBytes                        = 2097152                                   {product} {ergonomic}
   size_t MinHeapSize                              = 8388608                                   {product} {ergonomic}
    uintx NonNMethodCodeHeapSize                   = 5832780                                {pd product} {ergonomic}
    uintx NonProfiledCodeHeapSize                  = 122912730                              {pd product} {ergonomic}
    uintx ProfiledCodeHeapSize                     = 122912730                              {pd product} {ergonomic}
    uintx ReservedCodeCacheSize                    = 251658240                              {pd product} {ergonomic}
     bool SegmentedCodeCache                       = true                                      {product} {ergonomic}
     bool ShowCodeDetailsInExceptionMessages       = true                                   {manageable} {command line}
   size_t SoftMaxHeapSize                          = 4271898624                             {manageable} {ergonomic}
     bool UseCompressedOops                        = true                           {product lp64_product} {ergonomic}
     bool UseG1GC                                  = true                                      {product} {ergonomic}
     bool UseLargePagesIndividualAllocation        = false                                  {pd product} {ergonomic}

Logging:
Log output configuration:
 #0: stdout all=warning uptime,level,tags foldmultilines=false
 #1: stderr all=off uptime,level,tags foldmultilines=false

Environment Variables:
JAVA_HOME=C:\Program Files\Java\jdk-21
PATH=C:/Program Files/Java/jdk-21/bin/server;C:/Program Files/Java/jdk-21/bin;C:\app\admin\product\21c\dbhomeXE\bin;C:\Program Files\Java\jdk-21\bin;C:\Program Files\Common Files\Oracle\Java\javapath;C:\Windows\system32;C:\Windows;C:\Windows\System32\Wbem;C:\Windows\System32\WindowsPowerShell\v1.0\;C:\Windows\System32\OpenSSH\;C:\Users\admin\AppData\Local\Microsoft\WindowsApps;C:\Users\admin\AppData\Local\Programs\Microsoft VS Code\bin;C:\Users\admin\Desktop;
USERNAME=admin
OS=Windows_NT
PROCESSOR_IDENTIFIER=Intel64 Family 6 Model 42 Stepping 7, GenuineIntel
TMP=C:\Users\admin\AppData\Local\Temp
TEMP=C:\Users\admin\AppData\Local\Temp




Periodic native trim disabled

---------------  S Y S T E M  ---------------

OS:
 Windows 10 , 64 bit Build 19041 (10.0.19041.3636)
OS uptime: 13 days 8:09 hours

CPU: total 4 (initial active 4) (4 cores per cpu, 1 threads per core) family 6 model 42 stepping 7 microcode 0x2f, cx8, cmov, fxsr, mmx, sse, sse2, sse3, ssse3, sse4.1, sse4.2, popcnt, tsc, tscinvbit, avx, aes, clmul, vzeroupper, clflush, rdtscp
Processor Information for all 4 processors :
  Max Mhz: 3301, Current Mhz: 3301, Mhz Limit: 3301

Memory: 4k page, system-wide physical 16295M (6497M free)
TotalPageFile size 44836M (AvailPageFile size 62M)
current process WorkingSet (physical memory assigned to process): 10M, peak: 10M
current process commit charge ("private bytes"): 52M, peak: 307M

vm_info: Java HotSpot(TM) 64-Bit Server VM (21.0.2+13-LTS-58) for windows-amd64 JRE (21.0.2+13-LTS-58), built on 2024-01-05T18:32:24Z by "mach5one" with MS VC++ 17.1 (VS2022)

END.
